\BOOKMARK [0][]{section*.1}{\376\377\000E\000l\000e\000n\000c\000o\000\040\000d\000e\000l\000l\000e\000\040\000t\000a\000b\000e\000l\000l\000e}{}% 1
\BOOKMARK [0][]{section*.2}{\376\377\000E\000l\000e\000n\000c\000o\000\040\000d\000e\000l\000l\000e\000\040\000f\000i\000g\000u\000r\000e}{}% 2
\BOOKMARK [-1][]{part.1}{\376\377\000I\000\040\000P\000a\000r\000t\000e\000\040\000P\000r\000i\000m\000a}{}% 3
\BOOKMARK [0][]{chapter.1}{\376\377\000I\000n\000t\000r\000o\000d\000u\000z\000i\000o\000n\000e\000\040\000g\000e\000n\000e\000r\000a\000l\000e}{part.1}% 4
\BOOKMARK [-1][]{part.2}{\376\377\000I\000I\000\040\000P\000a\000r\000t\000e\000\040\000S\000e\000c\000o\000n\000d\000a}{}% 5
\BOOKMARK [0][]{chapter.2}{\376\377\000S\000i\000t\000u\000a\000z\000i\000o\000n\000e\000\040\000e\000c\000o\000n\000o\000m\000i\000c\000a\000\040\000E\000u\000r\000o\000p\000e\000a\000\040\000p\000r\000e\000-\000p\000a\000n\000d\000e\000m\000i\000a\000\040\000C\000O\000V\000I\000D\0001\0009}{part.2}% 6
\BOOKMARK [1][]{section.2.1}{\376\377\000A\000n\000a\000l\000i\000s\000i\000\040\000g\000e\000n\000e\000r\000a\000l\000e\000\040\000d\000e\000l\000l\000e\000\040\000d\000i\000v\000e\000r\000s\000e\000\040\000r\000e\000a\000l\000t\000\341\000\040\000E\000u\000r\000o\000p\000e\000e}{chapter.2}% 7
\BOOKMARK [1][]{section.2.2}{\376\377\000A\000n\000a\000l\000i\000s\000i\000\040\000p\000e\000r\000\040\000C\000l\000u\000b}{chapter.2}% 8
\BOOKMARK [2][]{subsection.2.2.1}{\376\377\000J\000u\000v\000e\000n\000t\000u\000s}{section.2.2}% 9
\BOOKMARK [2][]{subsection.2.2.2}{\376\377\000P\000a\000r\000i\000s\000\040\000S\000a\000i\000n\000t\000\040\000G\000e\000r\000m\000a\000i\000n}{section.2.2}% 10
\BOOKMARK [2][]{subsection.2.2.3}{\376\377\000B\000o\000r\000u\000s\000s\000i\000a\000\040\000D\000o\000r\000t\000m\000u\000n\000d}{section.2.2}% 11
\BOOKMARK [2][]{subsection.2.2.4}{\376\377\000B\000a\000r\000c\000e\000l\000l\000o\000n\000a}{section.2.2}% 12
\BOOKMARK [2][]{subsection.2.2.5}{\376\377\000M\000a\000n\000c\000h\000e\000s\000t\000e\000r\000\040\000C\000i\000t\000y}{section.2.2}% 13
\BOOKMARK [0][]{chapter.3}{\376\377\000F\000a\000i\000r\000\040\000P\000l\000a\000y\000\040\000F\000i\000n\000a\000n\000z\000i\000a\000r\000i\000o}{part.2}% 14
\BOOKMARK [1][]{section.3.1}{\376\377\000D\000a\000l\000l\000a\000\040\000n\000a\000s\000c\000i\000t\000a\000\040\000a\000l\000l\000e\000\040\000u\000l\000t\000i\000m\000e\000\040\000r\000i\000f\000o\000r\000m\000e}{chapter.3}% 15
\BOOKMARK [2][]{subsection.3.1.1}{\376\377\000L\000e\000\040\000r\000i\000f\000o\000r\000m\000e\000\040\000d\000e\000l\000\040\0002\0000\0001\0004\000,\000\040\000d\000e\000l\000\040\0002\0000\0001\0005\000\040\000e\000\040\000d\000e\000l\000\040\0002\0000\0001\0008}{section.3.1}% 16
\BOOKMARK [1][]{section.3.2}{\376\377\000F\000a\000v\000o\000r\000i\000t\000i\000s\000m\000i\000\040\000v\000e\000r\000s\000o\000\040\000a\000l\000c\000u\000n\000i\000\040\000c\000l\000u\000b}{chapter.3}% 17
\BOOKMARK [1][]{section.3.3}{\376\377\000P\000u\000n\000t\000i\000\040\000c\000r\000i\000t\000i\000c\000i\000\040\000d\000e\000l\000\040\000F\000a\000i\000r\000\040\000P\000l\000a\000y\000\040\000F\000i\000n\000a\000n\000z\000i\000a\000r\000i\000o}{chapter.3}% 18
\BOOKMARK [0][]{chapter.4}{\376\377\000L\000a\000\040\000S\000u\000p\000e\000r\000L\000e\000g\000a\000:\000\040\000u\000n\000a\000\040\000n\000u\000o\000v\000a\000\040\000i\000d\000e\000a\000\040\000p\000e\000r\000\040\000s\000a\000l\000v\000a\000r\000e\000\040\000i\000l\000\040\000m\000o\000n\000d\000o\000\040\000d\000e\000l\000\040\000c\000a\000l\000c\000i\000o}{part.2}% 19
\BOOKMARK [1][]{section.4.1}{\376\377\000D\000e\000f\000i\000n\000i\000z\000i\000o\000n\000e\000\040\000e\000\040\000s\000t\000r\000u\000t\000t\000u\000r\000a}{chapter.4}% 20
\BOOKMARK [1][]{section.4.2}{\376\377\000R\000e\000a\000z\000i\000o\000n\000e\000\040\000d\000i\000\040\000M\000e\000d\000i\000a\000\040\000e\000\040\000p\000e\000r\000s\000o\000n\000e}{chapter.4}% 21
\BOOKMARK [1][]{section.4.3}{\376\377\000L\000a\000\040\000S\000u\000p\000e\000r\000L\000e\000g\000a\000\040\000\351\000\040\000n\000e\000c\000e\000s\000s\000a\000r\000i\000a\000?}{chapter.4}% 22
\BOOKMARK [0][]{chapter.5}{\376\377\000C\000o\000n\000c\000l\000u\000s\000i\000o\000n\000e\000\040\000F\000i\000n\000a\000l\000e}{part.2}% 23
